{"/home/skyaus/theOdinProject/Memory-Card/src/util.js/shuffule.js": {"path":"/home/skyaus/theOdinProject/Memory-Card/src/util.js/shuffule.js","statementMap":{"0":{"start":{"line":1,"column":16},"end":{"line":8,"column":1}},"1":{"start":{"line":2,"column":15},"end":{"line":2,"column":28}},"2":{"start":{"line":3,"column":2},"end":{"line":6,"column":3}},"3":{"start":{"line":3,"column":15},"end":{"line":3,"column":30}},"4":{"start":{"line":4,"column":14},"end":{"line":4,"column":49}},"5":{"start":{"line":5,"column":4},"end":{"line":5,"column":44}},"6":{"start":{"line":7,"column":2},"end":{"line":7,"column":14}}},"fnMap":{"0":{"name":"(anonymous_0)","decl":{"start":{"line":1,"column":16},"end":{"line":1,"column":17}},"loc":{"start":{"line":1,"column":27},"end":{"line":8,"column":1}},"line":1}},"branchMap":{},"s":{"0":1,"1":7,"2":7,"3":7,"4":18,"5":18,"6":7},"f":{"0":7},"b":{},"_coverageSchema":"1a1c01bbd47fc00a2c39e90264f33305004495a9","hash":"3a3ddd7f3f32a77264232a8769a69350fb594e33"}
}
